Using pre-set license
Built from '2020.3/staging' branch; Version is '2020.3.14f1 (d0d1bb862f9d) revision 13685179'; Using compiler version '192528614'; Build Type 'Release'
OS: 'Windows 10 Education; OS build 19042.1237; Version 2009; 64bit' Language: 'en' Physical Memory: 16180 MB
BatchMode: 1, IsHumanControllingUs: 0, StartBugReporterOnCrash: 0, Is64bit: 1, IsPro: 0

 COMMAND LINE ARGUMENTS:
C:\Program Files\Unity\Editor\Unity.exe
-adb2
-batchMode
-noUpm
-name
AssetImportWorker0
-projectPath
C:/Users/W0452315/OneDrive - Nova Scotia Community College/Castle Project/Castle Project
-logFile
Logs/AssetImportWorker0.log
-srvPort
53240
Successfully changed project path to: C:/Users/W0452315/OneDrive - Nova Scotia Community College/Castle Project/Castle Project
C:/Users/W0452315/OneDrive - Nova Scotia Community College/Castle Project/Castle Project
Using Asset Import Pipeline V2.
Refreshing native plugins compatible for Editor in 25.56 ms, found 2 plugins.
Preloading 0 native plugins for Editor in 0.00 ms.
Initialize engine version: 2020.3.14f1 (d0d1bb862f9d)
[Subsystems] Discovering subsystems at path C:/Program Files/Unity/Editor/Data/Resources/UnitySubsystems
[Subsystems] Discovering subsystems at path C:/Users/W0452315/OneDrive - Nova Scotia Community College/Castle Project/Castle Project/Assets
GfxDevice: creating device client; threaded=0
Direct3D:
    Version:  Direct3D 11.0 [level 11.0]
    Renderer: NVIDIA Quadro K2200 (ID=0x13ba)
    Vendor:   
    VRAM:     4053 MB
    Driver:   27.21.14.6192
Initialize mono
Mono path[0] = 'C:/Program Files/Unity/Editor/Data/Managed'
Mono path[1] = 'C:/Program Files/Unity/Editor/Data/MonoBleedingEdge/lib/mono/unityjit'
Mono config path = 'C:/Program Files/Unity/Editor/Data/MonoBleedingEdge/etc'
Using monoOptions --debugger-agent=transport=dt_socket,embedding=1,server=y,suspend=n,address=127.0.0.1:56980
Begin MonoManager ReloadAssembly
Registering precompiled unity dll's ...
Register platform support module: C:/Program Files/Unity/Editor/Data/PlaybackEngines/WindowsStandaloneSupport/UnityEditor.WindowsStandalone.Extensions.dll
Registered in 0.001538 seconds.
Native extension for WindowsStandalone target not found
Refreshing native plugins compatible for Editor in 24.60 ms, found 2 plugins.
Preloading 0 native plugins for Editor in 0.00 ms.
Mono: successfully reloaded assembly
- Completed reload, in  0.975 seconds
Domain Reload Profiling:
	ReloadAssembly (976ms)
		BeginReloadAssembly (50ms)
			ExecutionOrderSort (0ms)
			DisableScriptedObjects (0ms)
			BackupInstance (0ms)
			ReleaseScriptingObjects (0ms)
			CreateAndSetChildDomain (1ms)
		EndReloadAssembly (413ms)
			LoadAssemblies (49ms)
			RebuildTransferFunctionScriptingTraits (0ms)
			SetupTypeCache (155ms)
			ReleaseScriptCaches (0ms)
			RebuildScriptCaches (33ms)
			SetupLoadedEditorAssemblies (156ms)
				LogAssemblyErrors (0ms)
				InitializePlatformSupportModulesInManaged (4ms)
				SetLoadedEditorAssemblies (1ms)
				RefreshPlugins (25ms)
				BeforeProcessingInitializeOnLoad (13ms)
				ProcessInitializeOnLoadAttributes (83ms)
				ProcessInitializeOnLoadMethodAttributes (29ms)
				AfterProcessingInitializeOnLoad (0ms)
				EditorAssembliesLoaded (0ms)
			ExecutionOrderSort2 (0ms)
			AwakeInstancesAfterBackupRestoration (0ms)
Platform modules already initialized, skipping
Registering precompiled user dll's ...
Registered in 0.003560 seconds.
Begin MonoManager ReloadAssembly
Native extension for WindowsStandalone target not found
Refreshing native plugins compatible for Editor in 0.54 ms, found 2 plugins.
Preloading 0 native plugins for Editor in 0.00 ms.
Mono: successfully reloaded assembly
- Completed reload, in  1.083 seconds
Domain Reload Profiling:
	ReloadAssembly (1084ms)
		BeginReloadAssembly (151ms)
			ExecutionOrderSort (0ms)
			DisableScriptedObjects (5ms)
			BackupInstance (0ms)
			ReleaseScriptingObjects (0ms)
			CreateAndSetChildDomain (20ms)
		EndReloadAssembly (869ms)
			LoadAssemblies (88ms)
			RebuildTransferFunctionScriptingTraits (0ms)
			SetupTypeCache (276ms)
			ReleaseScriptCaches (0ms)
			RebuildScriptCaches (42ms)
			SetupLoadedEditorAssemblies (355ms)
				LogAssemblyErrors (0ms)
				InitializePlatformSupportModulesInManaged (7ms)
				SetLoadedEditorAssemblies (1ms)
				RefreshPlugins (1ms)
				BeforeProcessingInitializeOnLoad (104ms)
				ProcessInitializeOnLoadAttributes (232ms)
				ProcessInitializeOnLoadMethodAttributes (6ms)
				AfterProcessingInitializeOnLoad (5ms)
				EditorAssembliesLoaded (0ms)
			ExecutionOrderSort2 (0ms)
			AwakeInstancesAfterBackupRestoration (6ms)
Platform modules already initialized, skipping
========================================================================
Worker process is ready to serve import requests
Launched and connected shader compiler UnityShaderCompiler.exe after 0.04 seconds
Refreshing native plugins compatible for Editor in 0.31 ms, found 2 plugins.
Preloading 0 native plugins for Editor in 0.00 ms.
Unloading 1390 Unused Serialized files (Serialized files now loaded: 0)
System memory in use before: 65.2 MB.
System memory in use after: 65.3 MB.

Unloading 19 unused Assets to reduce memory usage. Loaded Objects now: 1823.
Total: 2.767800 ms (FindLiveObjects: 0.208800 ms CreateObjectMapping: 0.053400 ms MarkObjects: 2.394400 ms  DeleteObjects: 0.109400 ms)

AssetImportParameters requested are different than current active one (requested -> active):
  custom:framework-win-MediaFoundation: 216162199b28c13a410421893ffa2e32 -> 
  custom:video-decoder-ogg-theora: a1e56fd34408186e4bbccfd4996cb3dc -> 
  custom:container-muxer-webm: aa71ff27fc2769a1b78a27578f13a17b -> 
  custom:container-demuxer-webm: 4f35f7cbe854078d1ac9338744f61a02 -> 
  custom:container-demuxer-ogg: 62fdf1f143b41e24485cea50d1cbac27 -> 
  custom:video-encoder-webm-vp8: eb34c28f22e8b96e1ab97ce403110664 -> 
  custom:video-decoder-webm-vp8: 9c59270c3fd7afecdb556c50c9e8de78 -> 
  custom:audio-decoder-ogg-vorbis: bf7c407c2cedff20999df2af8eb42d56 -> 
  custom:audio-encoder-webm-vorbis: bf7c407c2cedff20999df2af8eb42d56 -> 
========================================================================
Received Import Request.
  path: Assets
  artifactKey: Guid(00000000000000001000000000000000) Importer(815301076,1909f56bfc062723c751e8b465ee728b)
Start importing Assets using Guid(00000000000000001000000000000000) Importer(815301076,1909f56bfc062723c751e8b465ee728b)  -> (artifact id: '42d402b061de3733987d63b9cc3b64de') in 0.010542 seconds 
  Import took 0.016463 seconds .

========================================================================
Received Prepare
Refreshing native plugins compatible for Editor in 3.02 ms, found 2 plugins.
Preloading 0 native plugins for Editor in 0.00 ms.
Unloading 12 Unused Serialized files (Serialized files now loaded: 0)
System memory in use before: 37.4 MB.
System memory in use after: 37.5 MB.

Unloading 12 unused Assets to reduce memory usage. Loaded Objects now: 1823.
Total: 2.104100 ms (FindLiveObjects: 0.127300 ms CreateObjectMapping: 0.040600 ms MarkObjects: 1.862100 ms  DeleteObjects: 0.073100 ms)

AssetImportParameters requested are different than current active one (requested -> active):
  custom:framework-win-MediaFoundation: 216162199b28c13a410421893ffa2e32 -> 
  custom:video-decoder-ogg-theora: a1e56fd34408186e4bbccfd4996cb3dc -> 
  custom:container-muxer-webm: aa71ff27fc2769a1b78a27578f13a17b -> 
  custom:container-demuxer-webm: 4f35f7cbe854078d1ac9338744f61a02 -> 
  custom:container-demuxer-ogg: 62fdf1f143b41e24485cea50d1cbac27 -> 
  custom:video-encoder-webm-vp8: eb34c28f22e8b96e1ab97ce403110664 -> 
  custom:video-decoder-webm-vp8: 9c59270c3fd7afecdb556c50c9e8de78 -> 
  custom:audio-decoder-ogg-vorbis: bf7c407c2cedff20999df2af8eb42d56 -> 
  custom:audio-encoder-webm-vorbis: bf7c407c2cedff20999df2af8eb42d56 -> 
========================================================================
Received Import Request.
  Time since last request: 12.072102 seconds.
  path: Assets/Floor
  artifactKey: Guid(c979c89cfe92c304da74a6a91ff5e5f6) Importer(815301076,1909f56bfc062723c751e8b465ee728b)
Start importing Assets/Floor using Guid(c979c89cfe92c304da74a6a91ff5e5f6) Importer(815301076,1909f56bfc062723c751e8b465ee728b)  -> (artifact id: '67a23019995ff7167ad14c0420e89dcc') in 0.011533 seconds 
  Import took 0.015447 seconds .

========================================================================
Received Import Request.
  Time since last request: 13.003494 seconds.
  path: Assets/Floor/New Material.mat
  artifactKey: Guid(070c36ea54b024143a4b17a199caf44b) Importer(815301076,1909f56bfc062723c751e8b465ee728b)
Start importing Assets/Floor/New Material.mat using Guid(070c36ea54b024143a4b17a199caf44b) Importer(815301076,1909f56bfc062723c751e8b465ee728b)  -> (artifact id: 'fc1a446b94502c3e803aef49f1f5fec4') in 0.122950 seconds 
  Import took 0.128121 seconds .

========================================================================
Received Import Request.
  Time since last request: 10.232857 seconds.
  path: Assets/Floor/Plane.mat
  artifactKey: Guid(070c36ea54b024143a4b17a199caf44b) Importer(815301076,1909f56bfc062723c751e8b465ee728b)
Start importing Assets/Floor/Plane.mat using Guid(070c36ea54b024143a4b17a199caf44b) Importer(815301076,1909f56bfc062723c751e8b465ee728b)  -> (artifact id: '846a8537d9cb6fcc977aefca808a74ca') in 0.023452 seconds 
  Import took 0.027761 seconds .

========================================================================
Received Import Request.
  Time since last request: 100.145101 seconds.
  path: Assets/Floor/Water.mat
  artifactKey: Guid(92ecc8c17ecc06a4eb0c0287da0495ed) Importer(815301076,1909f56bfc062723c751e8b465ee728b)
Start importing Assets/Floor/Water.mat using Guid(92ecc8c17ecc06a4eb0c0287da0495ed) Importer(815301076,1909f56bfc062723c751e8b465ee728b)  -> (artifact id: 'b6d52144c6b6c0e18707f73637b64974') in 0.021701 seconds 
  Import took 0.025984 seconds .

========================================================================
Received Prepare
Registering precompiled user dll's ...
Registered in 0.003927 seconds.
Begin MonoManager ReloadAssembly
Native extension for WindowsStandalone target not found
Refreshing native plugins compatible for Editor in 0.32 ms, found 2 plugins.
Preloading 0 native plugins for Editor in 0.00 ms.
Mono: successfully reloaded assembly
- Completed reload, in  0.961 seconds
Domain Reload Profiling:
	ReloadAssembly (962ms)
		BeginReloadAssembly (107ms)
			ExecutionOrderSort (0ms)
			DisableScriptedObjects (4ms)
			BackupInstance (0ms)
			ReleaseScriptingObjects (0ms)
			CreateAndSetChildDomain (29ms)
		EndReloadAssembly (796ms)
			LoadAssemblies (77ms)
			RebuildTransferFunctionScriptingTraits (0ms)
			SetupTypeCache (312ms)
			ReleaseScriptCaches (1ms)
			RebuildScriptCaches (36ms)
			SetupLoadedEditorAssemblies (275ms)
				LogAssemblyErrors (0ms)
				InitializePlatformSupportModulesInManaged (5ms)
				SetLoadedEditorAssemblies (0ms)
				RefreshPlugins (0ms)
				BeforeProcessingInitializeOnLoad (76ms)
				ProcessInitializeOnLoadAttributes (185ms)
				ProcessInitializeOnLoadMethodAttributes (4ms)
				AfterProcessingInitializeOnLoad (5ms)
				EditorAssembliesLoaded (0ms)
			ExecutionOrderSort2 (0ms)
			AwakeInstancesAfterBackupRestoration (6ms)
Platform modules already initialized, skipping
Refreshing native plugins compatible for Editor in 0.28 ms, found 2 plugins.
Preloading 0 native plugins for Editor in 0.00 ms.
Unloading 1385 Unused Serialized files (Serialized files now loaded: 0)
System memory in use before: 68.5 MB.
System memory in use after: 68.6 MB.

Unloading 14 unused Assets to reduce memory usage. Loaded Objects now: 1866.
Total: 1.875400 ms (FindLiveObjects: 0.143200 ms CreateObjectMapping: 0.041200 ms MarkObjects: 1.639200 ms  DeleteObjects: 0.050900 ms)

AssetImportParameters requested are different than current active one (requested -> active):
  custom:framework-win-MediaFoundation: 216162199b28c13a410421893ffa2e32 -> 
  custom:video-decoder-ogg-theora: a1e56fd34408186e4bbccfd4996cb3dc -> 
  custom:container-muxer-webm: aa71ff27fc2769a1b78a27578f13a17b -> 
  custom:container-demuxer-webm: 4f35f7cbe854078d1ac9338744f61a02 -> 
  custom:container-demuxer-ogg: 62fdf1f143b41e24485cea50d1cbac27 -> 
  custom:video-encoder-webm-vp8: eb34c28f22e8b96e1ab97ce403110664 -> 
  custom:video-decoder-webm-vp8: 9c59270c3fd7afecdb556c50c9e8de78 -> 
  custom:audio-decoder-ogg-vorbis: bf7c407c2cedff20999df2af8eb42d56 -> 
  custom:audio-encoder-webm-vorbis: bf7c407c2cedff20999df2af8eb42d56 -> 
========================================================================
Received Import Request.
  Time since last request: 260.868098 seconds.
  path: Assets/Floor/Land.mat
  artifactKey: Guid(e3ef42263fee1344a9c7d6f93e0c3ed2) Importer(815301076,1909f56bfc062723c751e8b465ee728b)
Start importing Assets/Floor/Land.mat using Guid(e3ef42263fee1344a9c7d6f93e0c3ed2) Importer(815301076,1909f56bfc062723c751e8b465ee728b)  -> (artifact id: 'b7ae2b37166151de2712a6d51a5f6b68') in 0.065028 seconds 
  Import took 0.067782 seconds .

========================================================================
Received Import Request.
  Time since last request: 1783.336299 seconds.
  path: Assets/Scenes/SampleScene.unity
  artifactKey: Guid(9fc0d4010bbf28b4594072e72b8655ab) Importer(815301076,1909f56bfc062723c751e8b465ee728b)
Start importing Assets/Scenes/SampleScene.unity using Guid(9fc0d4010bbf28b4594072e72b8655ab) Importer(815301076,1909f56bfc062723c751e8b465ee728b)  -> (artifact id: '85059f4f9e1a832ed95adaa0d25c5c4c') in 0.009340 seconds 
  Import took 0.012386 seconds .

========================================================================
Received Import Request.
  Time since last request: 1319.566146 seconds.
  path: Assets/Walls.mat
  artifactKey: Guid(962ec253ddf66c542b545c57b732d007) Importer(815301076,1909f56bfc062723c751e8b465ee728b)
Start importing Assets/Walls.mat using Guid(962ec253ddf66c542b545c57b732d007) Importer(815301076,1909f56bfc062723c751e8b465ee728b)  -> (artifact id: 'a987fb88b2d8d8f8344c884c3d89d77b') in 0.031829 seconds 
  Import took 0.037013 seconds .

========================================================================
Received Import Request.
  Time since last request: 902.464110 seconds.
  path: Assets/Bridge.mat
  artifactKey: Guid(db934d5b17b215d47b1d2a314a8ca53f) Importer(815301076,1909f56bfc062723c751e8b465ee728b)
Start importing Assets/Bridge.mat using Guid(db934d5b17b215d47b1d2a314a8ca53f) Importer(815301076,1909f56bfc062723c751e8b465ee728b)  -> (artifact id: '06d197064186a340ee436d51768d5e5d') in 0.020890 seconds 
  Import took 0.025725 seconds .

========================================================================
Received Import Request.
  Time since last request: 33.965405 seconds.
  path: Assets/Rope.mat
  artifactKey: Guid(7aeeaf3a6bb72fc40b5da865d04a2a90) Importer(815301076,1909f56bfc062723c751e8b465ee728b)
Start importing Assets/Rope.mat using Guid(7aeeaf3a6bb72fc40b5da865d04a2a90) Importer(815301076,1909f56bfc062723c751e8b465ee728b)  -> (artifact id: '34e47617425e16597fe998318b822d87') in 0.017134 seconds 
  Import took 0.021070 seconds .

========================================================================
Received Import Request.
  Time since last request: 470.264202 seconds.
  path: Assets/Flag.mat
  artifactKey: Guid(931e3f4c9010e5f47a623832047ecde7) Importer(815301076,1909f56bfc062723c751e8b465ee728b)
Start importing Assets/Flag.mat using Guid(931e3f4c9010e5f47a623832047ecde7) Importer(815301076,1909f56bfc062723c751e8b465ee728b)  -> (artifact id: '1c17f15ccfa26eaedab7367000881508') in 0.018095 seconds 
  Import took 0.021018 seconds .

========================================================================
Received Import Request.
  Time since last request: 237.069138 seconds.
  path: Assets/Bridge.mat
  artifactKey: Guid(db934d5b17b215d47b1d2a314a8ca53f) Importer(815301076,1909f56bfc062723c751e8b465ee728b)
Start importing Assets/Bridge.mat using Guid(db934d5b17b215d47b1d2a314a8ca53f) Importer(815301076,1909f56bfc062723c751e8b465ee728b)  -> (artifact id: 'a7950b709d2ed6f0d4da5000bc229c87') in 0.028826 seconds 
  Import took 0.032278 seconds .

========================================================================
Received Import Request.
  Time since last request: 0.000192 seconds.
  path: Assets/Flag.mat
  artifactKey: Guid(931e3f4c9010e5f47a623832047ecde7) Importer(815301076,1909f56bfc062723c751e8b465ee728b)
Start importing Assets/Flag.mat using Guid(931e3f4c9010e5f47a623832047ecde7) Importer(815301076,1909f56bfc062723c751e8b465ee728b)  -> (artifact id: 'd1ba22ac5510fedea52695c8b8fb6d07') in 0.026853 seconds 
  Import took 0.030161 seconds .

========================================================================
Received Import Request.
  Time since last request: 0.000174 seconds.
  path: Assets/Walls.mat
  artifactKey: Guid(962ec253ddf66c542b545c57b732d007) Importer(815301076,1909f56bfc062723c751e8b465ee728b)
Start importing Assets/Walls.mat using Guid(962ec253ddf66c542b545c57b732d007) Importer(815301076,1909f56bfc062723c751e8b465ee728b)  -> (artifact id: 'f35872e051a05e8a88bc7f3051612382') in 0.020218 seconds 
  Import took 0.027005 seconds .

========================================================================
Received Import Request.
  Time since last request: 0.000300 seconds.
  path: Assets/Rope.mat
  artifactKey: Guid(7aeeaf3a6bb72fc40b5da865d04a2a90) Importer(815301076,1909f56bfc062723c751e8b465ee728b)
Start importing Assets/Rope.mat using Guid(7aeeaf3a6bb72fc40b5da865d04a2a90) Importer(815301076,1909f56bfc062723c751e8b465ee728b)  -> (artifact id: '72b0975fd3494f077a58bf3a0e794f60') in 0.030321 seconds 
  Import took 0.033466 seconds .

========================================================================
Received Prepare
Registering precompiled user dll's ...
Registered in 0.004815 seconds.
Begin MonoManager ReloadAssembly
Native extension for WindowsStandalone target not found
Refreshing native plugins compatible for Editor in 0.41 ms, found 2 plugins.
Preloading 0 native plugins for Editor in 0.00 ms.
Mono: successfully reloaded assembly
- Completed reload, in  1.435 seconds
Domain Reload Profiling:
	ReloadAssembly (1436ms)
		BeginReloadAssembly (187ms)
			ExecutionOrderSort (0ms)
			DisableScriptedObjects (6ms)
			BackupInstance (0ms)
			ReleaseScriptingObjects (0ms)
			CreateAndSetChildDomain (71ms)
		EndReloadAssembly (1171ms)
			LoadAssemblies (125ms)
			RebuildTransferFunctionScriptingTraits (0ms)
			SetupTypeCache (539ms)
			ReleaseScriptCaches (1ms)
			RebuildScriptCaches (48ms)
			SetupLoadedEditorAssemblies (342ms)
				LogAssemblyErrors (0ms)
				InitializePlatformSupportModulesInManaged (7ms)
				SetLoadedEditorAssemblies (1ms)
				RefreshPlugins (0ms)
				BeforeProcessingInitializeOnLoad (103ms)
				ProcessInitializeOnLoadAttributes (219ms)
				ProcessInitializeOnLoadMethodAttributes (5ms)
				AfterProcessingInitializeOnLoad (7ms)
				EditorAssembliesLoaded (0ms)
			ExecutionOrderSort2 (0ms)
			AwakeInstancesAfterBackupRestoration (8ms)
Platform modules already initialized, skipping
Refreshing native plugins compatible for Editor in 0.32 ms, found 2 plugins.
Preloading 0 native plugins for Editor in 0.00 ms.
Unloading 1385 Unused Serialized files (Serialized files now loaded: 0)
System memory in use before: 68.6 MB.
System memory in use after: 68.6 MB.

Unloading 14 unused Assets to reduce memory usage. Loaded Objects now: 1870.
Total: 2.459200 ms (FindLiveObjects: 0.215000 ms CreateObjectMapping: 0.129600 ms MarkObjects: 2.059300 ms  DeleteObjects: 0.053900 ms)

AssetImportParameters requested are different than current active one (requested -> active):
  custom:framework-win-MediaFoundation: 216162199b28c13a410421893ffa2e32 -> 
  custom:video-decoder-ogg-theora: a1e56fd34408186e4bbccfd4996cb3dc -> 
  custom:container-muxer-webm: aa71ff27fc2769a1b78a27578f13a17b -> 
  custom:container-demuxer-webm: 4f35f7cbe854078d1ac9338744f61a02 -> 
  custom:container-demuxer-ogg: 62fdf1f143b41e24485cea50d1cbac27 -> 
  custom:video-encoder-webm-vp8: eb34c28f22e8b96e1ab97ce403110664 -> 
  custom:video-decoder-webm-vp8: 9c59270c3fd7afecdb556c50c9e8de78 -> 
  custom:audio-decoder-ogg-vorbis: bf7c407c2cedff20999df2af8eb42d56 -> 
  custom:audio-encoder-webm-vorbis: bf7c407c2cedff20999df2af8eb42d56 -> 
AssetImportWorkerClient::OnTransportError - code=2 error=End of file
